TN:
SF:/home/nantu/git/game_dialog/ue-dialog-server/api/libraries/parser/xmlParser.js
FN:25,(anonymous_0)
FN:29,(anonymous_1)
FN:33,(anonymous_2)
FN:37,(anonymous_3)
FN:41,(anonymous_4)
FN:61,(anonymous_5)
FN:80,(anonymous_6)
FN:83,(anonymous_7)
FN:89,(anonymous_8)
FN:94,(anonymous_9)
FN:99,(anonymous_10)
FN:101,(anonymous_11)
FN:119,(anonymous_12)
FN:126,(anonymous_13)
FN:139,(anonymous_14)
FN:142,(anonymous_15)
FN:144,(anonymous_16)
FN:150,(anonymous_17)
FN:156,(anonymous_18)
FN:159,(anonymous_19)
FN:175,(anonymous_20)
FN:196,(anonymous_21)
FNF:22
FNH:0
FNDA:0,(anonymous_0)
FNDA:0,(anonymous_1)
FNDA:0,(anonymous_2)
FNDA:0,(anonymous_3)
FNDA:0,(anonymous_4)
FNDA:0,(anonymous_5)
FNDA:0,(anonymous_6)
FNDA:0,(anonymous_7)
FNDA:0,(anonymous_8)
FNDA:0,(anonymous_9)
FNDA:0,(anonymous_10)
FNDA:0,(anonymous_11)
FNDA:0,(anonymous_12)
FNDA:0,(anonymous_13)
FNDA:0,(anonymous_14)
FNDA:0,(anonymous_15)
FNDA:0,(anonymous_16)
FNDA:0,(anonymous_17)
FNDA:0,(anonymous_18)
FNDA:0,(anonymous_19)
FNDA:0,(anonymous_20)
FNDA:0,(anonymous_21)
DA:1,1
DA:2,1
DA:3,1
DA:4,1
DA:6,1
DA:9,1
DA:10,1
DA:15,1
DA:23,1
DA:25,1
DA:26,0
DA:29,1
DA:30,0
DA:33,1
DA:34,0
DA:37,1
DA:38,0
DA:41,1
DA:42,0
DA:43,0
DA:45,0
DA:46,0
DA:48,0
DA:61,1
DA:64,0
DA:65,0
DA:67,0
DA:80,0
DA:81,0
DA:83,0
DA:84,0
DA:85,0
DA:86,0
DA:89,0
DA:90,0
DA:91,0
DA:94,0
DA:95,0
DA:97,0
DA:99,0
DA:100,0
DA:102,0
DA:119,0
DA:120,0
DA:122,0
DA:123,0
DA:126,0
DA:127,0
DA:129,0
DA:131,0
DA:132,0
DA:133,0
DA:135,0
DA:138,0
DA:139,0
DA:140,0
DA:142,0
DA:143,0
DA:144,0
DA:145,0
DA:150,0
DA:151,0
DA:153,0
DA:155,0
DA:157,0
DA:160,0
DA:175,0
DA:176,0
DA:177,0
DA:179,0
DA:196,0
DA:198,0
DA:199,0
DA:203,0
DA:204,0
DA:208,0
DA:209,0
DA:212,0
DA:216,0
LF:79
LH:15
BRDA:45,0,0,0
BRDA:45,0,1,0
BRDA:45,1,0,0
BRDA:45,1,1,0
BRDA:64,2,0,0
BRDA:64,2,1,0
BRDA:84,3,0,0
BRDA:84,3,1,0
BRDA:90,4,0,0
BRDA:90,4,1,0
BRDA:95,5,0,0
BRDA:95,5,1,0
BRDA:122,6,0,0
BRDA:122,6,1,0
BRDA:143,7,0,0
BRDA:143,7,1,0
BRDA:179,8,0,0
BRDA:179,8,1,0
BRDA:198,9,0,0
BRDA:198,9,1,0
BRDA:198,10,0,0
BRDA:198,10,1,0
BRDA:203,11,0,0
BRDA:203,11,1,0
BRDA:208,12,0,0
BRDA:208,12,1,0
BRF:26
BRH:0
end_of_record
TN:
SF:/home/nantu/git/game_dialog/ue-dialog-server/tests/common.js
FN:26,(anonymous_0)
FN:32,(anonymous_1)
FN:51,(anonymous_2)
FNF:3
FNH:0
FNDA:0,(anonymous_0)
FNDA:0,(anonymous_1)
FNDA:0,(anonymous_2)
DA:1,1
DA:2,1
DA:3,1
DA:4,1
DA:5,1
DA:6,1
DA:7,0
DA:8,0
DA:9,0
DA:10,0
DA:12,0
DA:13,0
DA:14,0
DA:16,0
DA:17,0
DA:18,0
DA:19,0
DA:20,0
DA:21,0
DA:22,0
DA:23,0
DA:24,0
DA:26,0
DA:27,0
DA:32,0
DA:33,0
DA:51,0
DA:52,0
DA:54,0
DA:55,0
DA:57,0
DA:58,0
DA:60,0
DA:61,0
DA:63,0
DA:64,0
DA:66,0
DA:67,0
DA:68,0
DA:69,0
DA:70,0
DA:71,0
LF:42
LH:6
BRF:0
BRH:0
end_of_record
